###############################################################
#  Generated by:      Cadence Innovus 21.13-s100_1
#  OS:                Linux x86_64(Host ID ic22)
#  Generated on:      Sat Sep 20 17:49:28 2025
#  Design:            misty
#  Command:           report_timing > timing.rpt
###############################################################
Path 1: MET Late External Delay Assertion 
Endpoint:   data_out[36]       (^) checked with  leading edge of 'clk'
Beginpoint: round_reg_reg[2]/Q (^) triggered by  leading edge of 'clk'
Path Groups: {clk}
Analysis View: view_tc
Other End Arrival Time          0.000
- External Delay              925.000
+ Phase Shift                 1843.000
= Required Time               918.000
- Arrival Time                918.000
= Slack Time                    0.000
     Clock Rise Edge                 0.000
     + Clock Network Latency (Ideal) 0.000
     = Beginpoint Arrival Time       0.000
     +-------------------------------------------------------------------------------------------------+ 
     |        Instance         |      Arc       |          Cell          |  Delay | Arrival | Required | 
     |                         |                |                        |        |  Time   |   Time   | 
     |-------------------------+----------------+------------------------+--------+---------+----------| 
     | round_reg_reg[2]        | CLK ^          |                        |        |   0.000 |    0.000 | 
     | round_reg_reg[2]        | CLK ^ -> Q ^   | DFFHQx4_ASAP7_75t_SL   | 47.000 |  47.000 |   47.000 | 
     | FE_OCPC1132_round_reg_2 | A ^ -> Y v     | INVx4_ASAP7_75t_SL     |  9.100 |  56.100 |   56.100 | 
     | g29324__7482_dup        | A v -> Y v     | AND2x4_ASAP7_75t_SL    | 18.600 |  74.700 |   74.700 | 
     | g29301__5107_dup        | A v -> Y ^     | NAND2xp5_ASAP7_75t_SL  | 10.000 |  84.700 |   84.700 | 
     | FE_RC_90_0              | A ^ -> Y v     | NOR3xp33_ASAP7_75t_SL  |  9.800 |  94.500 |   94.500 | 
     | g29155__7410            | B v -> Y v     | AND2x2_ASAP7_75t_SL    | 19.700 | 114.200 |  114.200 | 
     | g28925__5526_dup        | A v -> Y v     | OR2x6_ASAP7_75t_SL     | 23.000 | 137.200 |  137.200 | 
     | FE_OCPC527_FE_RN_10     | A v -> Y v     | BUFx6f_ASAP7_75t_SL    | 23.800 | 161.000 |  161.000 | 
     | g28724__5526            | B v -> Y ^     | NAND2x2_ASAP7_75t_SL   |  8.300 | 169.300 |  169.300 | 
     | g28674__5115            | A ^ -> Y v     | NAND2x1p5_ASAP7_75t_SL |  7.100 | 176.400 |  176.400 | 
     | FE_RC_343_1             | A2 v -> Y ^    | OAI21x1_ASAP7_75t_SL   | 10.500 | 186.900 |  186.900 | 
     | g28488__8428            | A ^ -> Y ^     | XOR2xp5_ASAP7_75t_SL   | 20.500 | 207.400 |  207.400 | 
     | g101774                 | B ^ -> Y ^     | OR2x2_ASAP7_75t_SL     | 17.200 | 224.600 |  224.600 | 
     | g101428                 | A ^ -> Y ^     | XNOR2x1_ASAP7_75t_SL   | 18.000 | 242.600 |  242.600 | 
     | FE_RC_10_0_dup2         | A1 ^ -> Y ^    | OA21x2_ASAP7_75t_SL    | 20.300 | 262.900 |  262.900 | 
     | g100948_dup             | A ^ -> Y ^     | XOR2x1_ASAP7_75t_SL    | 17.000 | 279.900 |  279.900 | 
     | FE_OFC1177_FE_RN_169    | A ^ -> Y ^     | BUFx3_ASAP7_75t_SL     | 15.100 | 295.000 |  295.000 | 
     | g100812_dup1            | B ^ -> Y ^     | AND2x6_ASAP7_75t_SL    | 21.500 | 316.500 |  316.500 | 
     | g100645                 | B ^ -> Y ^     | AND2x4_ASAP7_75t_SL    | 26.800 | 343.300 |  343.300 | 
     | FE_RC_86_1              | B2 ^ -> Y ^    | AO22x2_ASAP7_75t_SL    | 22.500 | 365.800 |  365.800 | 
     | FE_RC_904_0             | A ^ -> Y v     | NOR4xp75_ASAP7_75t_SL  |  5.600 | 371.400 |  371.400 | 
     | FE_RC_305_1             | C v -> Y ^     | NAND3xp33_ASAP7_75t_SL | 13.600 | 385.000 |  385.000 | 
     | FE_RC_161_0             | A2 ^ -> Y v    | OAI21x1_ASAP7_75t_SL   | 13.200 | 398.200 |  398.200 | 
     | g102201                 | B v -> Y ^     | NAND3x2_ASAP7_75t_SL   | 28.800 | 427.000 |  427.000 | 
     | FE_RC_761_0             | B ^ -> Y ^     | XNOR2x1_ASAP7_75t_SL   | 22.800 | 449.800 |  449.800 | 
     | FE_OFC174_n_581         | A ^ -> Y ^     | BUFx12f_ASAP7_75t_SL   | 17.700 | 467.500 |  467.500 | 
     | g99553_dup2             | B ^ -> Y ^     | AND2x4_ASAP7_75t_SL    | 18.900 | 486.400 |  486.400 | 
     | g99452_dup              | B ^ -> Y ^     | AND2x2_ASAP7_75t_SL    | 15.100 | 501.500 |  501.500 | 
     | FE_OFC1047_FE_RN_136    | A ^ -> Y v     | INVx2_ASAP7_75t_SL     |  9.300 | 510.800 |  510.800 | 
     | FE_RC_71_0              | A1 v -> Y v    | OA221x2_ASAP7_75t_SL   | 28.200 | 539.000 |  539.000 | 
     | g98579                  | B v -> Y ^     | NAND2x1p5_ASAP7_75t_SL | 10.300 | 549.300 |  549.300 | 
     | g98507                  | B ^ -> Y v     | NOR2x1p5_ASAP7_75t_SL  |  7.500 | 556.800 |  556.800 | 
     | FE_RC_209_1             | A3 v -> Y v    | AO31x2_ASAP7_75t_SL    | 14.900 | 571.700 |  571.700 | 
     | g97819_dup              | A v -> Y v     | AND3x2_ASAP7_75t_SL    | 14.600 | 586.300 |  586.300 | 
     | FE_RC_12_0              | B v -> Y ^     | NAND2x1_ASAP7_75t_SL   |  9.700 | 596.000 |  596.000 | 
     | FE_RC_9_1               | B ^ -> Y ^     | OA21x2_ASAP7_75t_SL    | 19.300 | 615.300 |  615.300 | 
     | FE_RC_10_1              | A ^ -> Y v     | INVx5_ASAP7_75t_SL     |  7.500 | 622.800 |  622.800 | 
     | FE_OCPC2275_n_6921      | A v -> Y v     | BUFx6f_ASAP7_75t_SL    | 17.000 | 639.800 |  639.800 | 
     | g97669                  | A v -> Y v     | AND2x4_ASAP7_75t_SL    | 14.100 | 653.900 |  653.900 | 
     | g97607                  | B v -> Y ^     | NAND2x1_ASAP7_75t_SL   |  8.600 | 662.500 |  662.500 | 
     | g97415_dup              | B ^ -> Y ^     | AND3x1_ASAP7_75t_SL    | 16.700 | 679.200 |  679.200 | 
     | FE_RC_500_0             | B ^ -> Y v     | NAND2xp5_ASAP7_75t_SL  |  9.000 | 688.200 |  688.200 | 
     | FE_RC_498_0             | A v -> Y ^     | NOR2x1_ASAP7_75t_SL    |  9.400 | 697.600 |  697.600 | 
     | g97234                  | B ^ -> Y ^     | OR2x2_ASAP7_75t_SL     | 20.000 | 717.600 |  717.600 | 
     | FE_OFC1850_n_4908       | A ^ -> Y v     | INVx5_ASAP7_75t_SL     |  8.800 | 726.400 |  726.400 | 
     | g97126_dup              | A v -> Y v     | AND2x4_ASAP7_75t_SL    | 19.600 | 746.000 |  746.000 | 
     | g96985                  | B v -> Y v     | AND2x4_ASAP7_75t_SL    | 16.700 | 762.700 |  762.700 | 
     | FE_OFC804_n_5096        | A v -> Y ^     | INVx1_ASAP7_75t_SL     | 11.000 | 773.700 |  773.700 | 
     | g96795                  | A ^ -> Y ^     | OR2x2_ASAP7_75t_SL     | 19.900 | 793.600 |  793.600 | 
     | g96675                  | A ^ -> Y v     | NAND3x1_ASAP7_75t_SL   |  6.300 | 799.900 |  799.900 | 
     | g96347                  | B1 v -> Y ^    | AOI22xp5_ASAP7_75t_SL  | 11.400 | 811.300 |  811.300 | 
     | FE_RC_559_0             | B ^ -> Y v     | OAI21xp5_ASAP7_75t_SL  | 11.200 | 822.500 |  822.500 | 
     | g96169__5477            | A1 v -> Y ^    | AOI21x1_ASAP7_75t_SL   | 11.900 | 834.400 |  834.400 | 
     | FE_RC_1218_0            | C ^ -> Y v     | NAND4xp75_ASAP7_75t_SL | 11.100 | 845.500 |  845.500 | 
     | FE_RC_1216_0            | B v -> Y v     | OR2x6_ASAP7_75t_SL     | 19.300 | 864.800 |  864.800 | 
     | FE_RC_180_1             | B v -> Y v     | XNOR2x1_ASAP7_75t_SL   | 20.600 | 885.400 |  885.400 | 
     | FE_RC_952_0             | A2 v -> Y ^    | OAI21xp5_ASAP7_75t_SL  | 10.300 | 895.700 |  895.700 | 
     | FE_RC_951_0             | A ^ -> Y ^     | OR2x2_ASAP7_75t_SL     | 19.800 | 915.500 |  915.500 | 
     |                         | data_out[36] ^ |                        |  2.500 | 918.000 |  918.000 | 
     +-------------------------------------------------------------------------------------------------+ 

